   ************************** Mu2e Offline **************************
     art v3_14_03    root v6_30_04    KinKal v03_01_05
     build  /exp/mu2e/app/users/mmackenz/Yale/main
     build  al9-prof-e28-p068    02/17/25 09:38:27
   ******************************************************************
Conditions file: /exp/mu2e/app/users/mmackenz/Yale/main/Offline/ConditionsService/data/conditions_01.txt
Conditions lines: 38  hash: 8098310628555253397
DbService  MDC2020_best v1_3   mu2e_conditions_prd
DbService  textFiles: 
GlobalConstants file: /exp/mu2e/app/users/mmackenz/Yale/main/Offline/GlobalConstantsService/data/globalConstants_01.txt
GlobalConstants lines: 165  hash: 10185786924093877558
BkgANNSHU weights Offline/Mu2eKinKal/data/TrainBkgTrigger.dat cut 0.2 freezing ( 0x1 : Inactive )
BkgANNSHU weights Offline/Mu2eKinKal/data/TrainBkgTrigger.dat cut 0.2 freezing ( 0x1 : Inactive )
BkgANNSHU weights Offline/Mu2eKinKal/data/TrainBkgTrigger.dat cut 0.2 freezing ( 0x1 : Inactive )
BkgANNSHU weights Offline/Mu2eKinKal/data/TrainBkgTrigger.dat cut 0.2 freezing ( 0x1 : Inactive )
DeltaFinderAlg created
17-Feb-2025 10:20:10 CST  Initiating request to open input file "/cvmfs/mu2e.opensciencegrid.org/DataFiles/Validation/skim_NoPrimary1BB_1a.art"
17-Feb-2025 10:20:11 CST  Opened input file "/cvmfs/mu2e.opensciencegrid.org/DataFiles/Validation/skim_NoPrimary1BB_1a.art"
tprHelixDeIpaHSFilter NO HELIX CUT HAS BEEN SET FOR THE HELICES WITH NEGATIVE HELICITY. IF THAT'S NOT THE DESIRED BEHAVIOUR REVIEW YOUR CONFIGUREATION!
tprHelixDeIpaPhiScaledHSFilter NO HELIX CUT HAS BEEN SET FOR THE HELICES WITH NEGATIVE HELICITY. IF THAT'S NOT THE DESIRED BEHAVIOUR REVIEW YOUR CONFIGUREATION!
Geometry file: /exp/mu2e/app/users/mmackenz/Yale/main/Offline/Mu2eG4/geom/geom_common.txt
Geometry lines: 21588  hash: 17682376866590487674
BField file: /exp/mu2e/app/users/mmackenz/Yale/main/Offline/Mu2eG4/geom/bfgeom_reco_v01.txt
BField lines: 98  hash: 3243269116804334601
Begin processing the 1st record. run: 1202 subRun: 0 event: 1 at 17-Feb-2025 10:20:38 CST
DbReader::fillValCache took 232.113 s
DbEngine confirmed purpose and version:
MDC2020_best 1/3/-1
DbEngine IoV summary
            Table        N IoV
       TrkDelayPanel       1
      TrkPreampStraw       1
     TrkAlignTracker       1
       TrkAlignPlane       1
       TrkAlignPanel       1
       TrkAlignStraw       1
      TrkPanelStatus       1
      TrkPlaneStatus       1
 TrkStrawStatusShort       1
  TrkStrawStatusLong       1
      TrkDelayRStraw       1
    SimEfficiencies2       1
  TrkAlignTrackerSim       1
    TrkAlignPlaneSim       1
    TrkAlignPanelSim       1
    TrkAlignStrawSim       1
          CRVBadChan       3
             CRVSiPM       3
           CRVPhoton       3
             CRVTime       3
DbEngine inclusive beginJob time was 232.193 s
Begin processing the 2nd record. run: 1202 subRun: 0 event: 2 at 17-Feb-2025 10:24:31 CST
Begin processing the 3rd record. run: 1202 subRun: 0 event: 3 at 17-Feb-2025 10:24:31 CST
Begin processing the 5th record. run: 1202 subRun: 0 event: 5 at 17-Feb-2025 10:24:31 CST
Begin processing the 9th record. run: 1202 subRun: 0 event: 9 at 17-Feb-2025 10:24:31 CST
Begin processing the 17th record. run: 1202 subRun: 0 event: 17 at 17-Feb-2025 10:24:31 CST
Begin processing the 33rd record. run: 1202 subRun: 0 event: 33 at 17-Feb-2025 10:24:31 CST
Begin processing the 65th record. run: 1202 subRun: 0 event: 65 at 17-Feb-2025 10:24:32 CST
Begin processing the 129th record. run: 1202 subRun: 0 event: 129 at 17-Feb-2025 10:24:32 CST
Begin processing the 257th record. run: 1202 subRun: 0 event: 257 at 17-Feb-2025 10:24:34 CST
Begin processing the 513th record. run: 1202 subRun: 0 event: 513 at 17-Feb-2025 10:24:39 CST
Begin processing the 1025th record. run: 1202 subRun: 0 event: 1025 at 17-Feb-2025 10:24:48 CST
Begin processing the 2049th record. run: 1202 subRun: 0 event: 2049 at 17-Feb-2025 10:25:04 CST
Begin processing the 4097th record. run: 1202 subRun: 1 event: 97 at 17-Feb-2025 10:25:37 CST
Begin processing the 8193rd record. run: 1202 subRun: 2 event: 193 at 17-Feb-2025 10:26:48 CST
17-Feb-2025 10:27:19 CST  Closed input file "/cvmfs/mu2e.opensciencegrid.org/DataFiles/Validation/skim_NoPrimary1BB_1a.art"
17-Feb-2025 10:27:19 CST  Initiating request to open input file "/cvmfs/mu2e.opensciencegrid.org/DataFiles/Validation/skim_NoPrimary1BB_1b.art"
17-Feb-2025 10:27:19 CST  Opened input file "/cvmfs/mu2e.opensciencegrid.org/DataFiles/Validation/skim_NoPrimary1BB_1b.art"
%MSG-w GEOM:  BeginRun 17-Feb-2025 10:27:19 CST run: 1202
This test version does not change geometry on run boundaries.
%MSG
This test version does not change geometry on run boundaries.
Begin processing the 16385th record. run: 1202 subRun: 4 event: 385 at 17-Feb-2025 10:29:05 CST
17-Feb-2025 10:30:06 CST  Closed input file "/cvmfs/mu2e.opensciencegrid.org/DataFiles/Validation/skim_NoPrimary1BB_1b.art"

=======================================================================================================================================================================
TimeTracker printout (sec)                                                               Min           Avg           Max         Median          RMS         nEvts   
=======================================================================================================================================================================
Full event                                                                           0.000942301    0.0282682      232.79      0.00899329      1.64605       20000   
-----------------------------------------------------------------------------------------------------------------------------------------------------------------------
source:RootInput(read)                                                               6.4232e-05    0.000163611    0.131794     0.000104881   0.00150758      20000   
caloHitRec_N0Source:artFragFromDTCEvents:ArtFragmentsFromDTCEvents                    1.068e-05    1.50279e-05   0.000219089    1.308e-05    5.27123e-06     20000   
caloHitRec_N0Source:caloHitRecN0SourcePS:PrescaleEvent                                8.737e-06    1.48946e-05   0.00216858    1.1573e-05    3.79091e-05     20000   
minBias_CDCount:minBiasCDCountPS:PrescaleEvent                                        1.803e-06    2.70304e-06   0.000164835    2.365e-06    2.11113e-06     20000   
minBias_SDCount:minBiasSDCountPS:PrescaleEvent                                        1.442e-06    2.15989e-06   0.000209902    1.963e-06    1.91506e-06     20000   
cstCosmicTrackSeed:cstCosmicTrackSeedPS:PrescaleEvent                                 1.492e-06    2.20118e-06   0.000199361    1.893e-06    2.78126e-06     20000   
cstTimeCluster:cstTimeClusterPS:PrescaleEvent                                         1.452e-06    2.24811e-06   0.000169454    1.864e-06    1.77716e-06     20000   
caloFast_RMC:caloFastRMCPS:PrescaleEvent                                              1.443e-06    1.99612e-06   0.000101905    1.803e-06    1.31922e-06     20000   
caloFast_RMC:CaloHitMakerFast:CaloHitMakerFast                                       7.4333e-05    0.000590829    0.0165322    0.00046029    0.000489035     20000   
caloFast_RMC:CaloClusterFast:CaloClusterFast                                          9.448e-06    6.31782e-05   0.000515466   5.31015e-05   3.92281e-05     20000   
caloFast_RMC:caloFastRMCFilter:CaloClusterCounterFilter                               6.503e-06    9.1804e-06    0.000160497    8.277e-06    3.41766e-06     20000   
caloFast_cosmic:caloFastCosmicPS:PrescaleEvent                                        2.274e-06    3.63298e-06   0.000197648    3.317e-06    2.67936e-06     20000   
caloFast_cosmic:caloFastCosmicFilter:CaloCosmicCalib                                  4.45e-06     6.16588e-06   7.3551e-05     5.43e-06     2.47932e-06     20000   
caloFast_MVANNCE:caloFastMVANNCEPS:PrescaleEvent                                      1.653e-06    2.52308e-06   0.000193731    2.134e-06    2.43633e-06     20000   
caloFast_MVANNCE:caloFastMVANNCEFilter:FilterEcalNNTrigger                            5.059e-06    8.78267e-06   0.000193029    7.705e-06    4.39115e-06     20000   
caloFast_photon:caloFastPhotonPS:PrescaleEvent                                        1.603e-06    2.22107e-06   4.7571e-05     1.963e-06    1.26136e-06     20000   
caloFast_photon:caloFastPhotonFilter:CaloLikelihood                                   5.09e-06     8.7381e-06    0.000888378    6.503e-06    8.55208e-06     20000   
aprHelix:aprLowPStopTargPS:PrescaleEvent                                              1.623e-06    2.44305e-06   5.1888e-05     2.174e-06    1.30271e-06     20000   
aprHelix:TTmakeSH:StrawHitReco                                                       3.5939e-05     0.0120958      232.781     0.000385582     1.64597       20000   
aprHelix:TTmakePH:CombineStrawHits                                                    8.758e-06    6.28867e-05   0.000613282   5.00005e-05   4.57135e-05     20000   
aprHelix:TTflagPH:DeltaFinder                                                        8.4822e-05    0.000425196   0.00435432    0.000333297   0.000317906     20000   
aprHelix:TTTZClusterFinder:TZClusterFinder                                           1.2024e-05    6.68199e-05   0.00178436    5.0402e-05    5.39912e-05     20000   
aprHelix:aprHelixTCFilter:TimeClusterFilter                                           9.458e-06    1.37285e-05   0.000219659   1.2364e-05    4.90074e-06     20000   
aprHelix:TTAprHelixFinder:AgnosticHelixFinder                                         1.085e-05    0.000414099    0.0161174    0.000140168   0.000753267     15995   
aprHelix:TTAprHelixMerger:MergeHelices                                               1.1191e-05    1.55004e-05   0.00038706    1.3886e-05    6.97616e-06     15995   
aprHelix:aprHelixHSFilter:HelixFilter                                                 5.751e-06    8.35098e-06   0.000204771    7.505e-06    3.60854e-06     15995   
apr_lowP_stopTarg_multiTrk:aprLowPStopTargMultiTrkPS:PrescaleEvent                    2.184e-06    3.71576e-06   0.00127337     3.306e-06    9.22422e-06     20000   
apr_lowP_stopTarg_multiTrk:aprLowPStopTargMultiTrkTCFilter:TimeClusterFilter          7.304e-06    1.09164e-05   0.000448747   1.0009e-05    4.78517e-06     20000   
apr_lowP_stopTarg_multiTrk:aprLowPStopTargMultiTrkHSFilter:HelixFilter                5.34e-06     7.26263e-06    0.0002985     6.473e-06    3.80432e-06     15995   
apr_lowP_stopTarg:aprLowPStopTargTCFilter:TimeClusterFilter                           6.262e-06    8.61551e-06   9.0342e-05     7.724e-06    3.10385e-06     20000   
apr_lowP_stopTarg:aprLowPStopTargHSFilter:HelixFilter                                 4.779e-06    6.57926e-06   0.000175515    5.802e-06    2.92384e-06     15995   
apr_highP:aprHighPPS:PrescaleEvent                                                    1.663e-06    2.49199e-06    0.0001157     2.204e-06    1.47039e-06     20000   
apr_highP:aprHighPTCFilter:TimeClusterFilter                                          6.192e-06    8.44871e-06   0.000190784    7.454e-06    3.81563e-06     20000   
apr_highP:aprHighPHSFilter:HelixFilter                                                4.659e-06    6.30601e-06   0.000297878    5.552e-06    3.83744e-06     15995   
apr_highP_stopTarg:aprHighPStopTargPS:PrescaleEvent                                   1.603e-06    2.37961e-06   8.2569e-05     2.094e-06    1.32447e-06     20000   
apr_highP_stopTarg:aprHighPStopTargTCFilter:TimeClusterFilter                         6.172e-06    8.37241e-06   0.000213789    7.454e-06    3.62579e-06     20000   
apr_highP_stopTarg:aprHighPStopTargHSFilter:HelixFilter                               4.669e-06    6.1755e-06    0.000169664    5.461e-06    2.69162e-06     15995   
cprHelixUe:cprHelixUePS:PrescaleEvent                                                 1.653e-06    2.43134e-06   0.000181798    2.135e-06    2.00733e-06     20000   
cprHelixUe:TTCalTimePeakFinderUe:CalTimePeakFinder                                    7.985e-06    1.28755e-05   0.000138915   1.0129e-05    7.35295e-06     20000   
cprHelixUe:cprHelixUeTCFilter:TimeClusterFilter                                       7.324e-06    9.48726e-06   0.00021539     8.526e-06    4.05129e-06     20000   
cprHelixDe:cprHelixDePS:PrescaleEvent                                                 1.573e-06    2.58938e-06   6.3541e-05     2.285e-06    1.45513e-06     20000   
cprHelixDe:TTCalTimePeakFinder:CalTimePeakFinder                                      6.663e-06    1.02963e-05   0.000199362    7.825e-06    6.75622e-06     20000   
cprHelixDe:cprHelixDeTCFilter:TimeClusterFilter                                       6.662e-06    8.74068e-06   0.000163823    7.784e-06    3.39794e-06     20000   
cprDe_lowP_stopTarg:cprDeLowPStopTargPS:PrescaleEvent                                 1.703e-06    2.62759e-06   0.000191295    2.254e-06    2.28292e-06     20000   
cprDe_lowP_stopTarg:cprDeLowPStopTargTCFilter:TimeClusterFilter                       6.412e-06    8.47255e-06   6.4473e-05     7.514e-06    2.84926e-06     20000   
cprDe_highP:cprDeHighPPS:PrescaleEvent                                                1.583e-06    2.18493e-06    3.601e-05     1.934e-06    1.08514e-06     20000   
cprDe_highP:cprDeHighPTCFilter:TimeClusterFilter                                      6.091e-06    7.91919e-06   0.000228115    7.013e-06    3.28483e-06     20000   
cprDe_highP_stopTarg:cprDeHighPStopTargPS:PrescaleEvent                               1.553e-06    2.20084e-06   4.6127e-05     1.894e-06    1.18748e-06     20000   
cprDe_highP_stopTarg:cprDeHighPStopTargTCFilter:TimeClusterFilter                     5.881e-06    7.81369e-06   0.000198569    6.933e-06    3.15231e-06     20000   
tprHelixUe:tprHelixUePS:PrescaleEvent                                                 1.693e-06    2.44209e-06   0.000195283    2.114e-06    1.86955e-06     20000   
tprHelixUe:TTtimeClusterFinderUe:TimeClusterFinder                                   2.9517e-05    0.00149266     0.0229885    0.000890471   0.00186924      20000   
tprHelixUe:tprHelixUeTCFilter:TimeClusterFilter                                       7.704e-06    1.37704e-05   0.00116153    1.2554e-05    1.01145e-05     20000   
tprHelixUe:TThelixFinderUe:RobustHelixFinder                                          9.658e-06    0.000307172    0.0206636    0.000129372   0.000559542     19786   
tprHelixUe:TTHelixMergerUe:MergeHelices                                              1.0229e-05    1.7037e-05    0.000262452   1.4578e-05    8.14154e-06     19786   
tprHelixUe:tprHelixUeHSFilter:HelixFilter                                             5.72e-06     9.1913e-06    0.000206074    7.865e-06    3.95514e-06     19786   
tprHelixDe:tprHelixDePS:PrescaleEvent                                                 1.773e-06    3.19905e-06   0.000191246    2.936e-06    1.9735e-06      20000   
tprHelixDe:TTtimeClusterFinder:TimeClusterFinder                                      2.613e-05    0.00141041     0.0218508    0.000829215   0.00181063      20000   
tprHelixDe:tprHelixDeTCFilter:TimeClusterFilter                                       6.793e-06    1.35349e-05   0.000849343   1.2594e-05    7.59736e-06     20000   
tprHelixDe:TThelixFinder:RobustHelixFinder                                            7.684e-06    0.000327508    0.0138789    0.000135689   0.000585914     19813   
tprHelixDe:TTHelixMergerDe:MergeHelices                                               9.247e-06    1.63699e-05   0.000262462   1.4048e-05    7.78394e-06     19813   
tprHelixDe:tprHelixDeHSFilter:HelixFilter                                             5.049e-06    8.70031e-06   0.00075851     7.394e-06    6.81277e-06     19813   
tprHelixDe_ipa_phiScaled:tprHelixDeIpaPhiScaledPS:PrescaleEvent                       1.814e-06    3.28882e-06   0.000139597    3.036e-06    1.70272e-06     20000   
tprHelixDe_ipa_phiScaled:tprHelixDeIpaPhiScaledTCFilter:TimeClusterFilter             6.403e-06    1.11213e-05   0.000200213    1.027e-05    4.44503e-06     20000   
tprHelixDe_ipa_phiScaled:tprHelixDeIpaPhiScaledHSFilter:HelixFilter                    4.7e-06     6.72468e-06   5.3382e-05     5.851e-06    2.49109e-06     19813   
tprHelixDe_ipa:tprHelixDeIpaPS:PrescaleEvent                                          1.644e-06    2.51787e-06   0.000103779    2.254e-06    1.44957e-06     20000   
tprHelixDe_ipa:tprHelixDeIpaTCFilter:TimeClusterFilter                                6.092e-06    8.95867e-06   0.000246491   8.0255e-06    4.01552e-06     20000   
tprHelixDe_ipa:tprHelixDeIpaHSFilter:HelixFilter                                      4.428e-06    6.25074e-06   5.3221e-05     5.46e-06     2.43836e-06     19813   
tprDe_lowP_stopTarg:tprDeLowPStopTargPS:PrescaleEvent                                 1.653e-06    2.46294e-06   0.000223638    2.124e-06    2.80286e-06     20000   
tprDe_lowP_stopTarg:tprDeLowPStopTargTCFilter:TimeClusterFilter                       6.562e-06    9.08099e-06   0.000347314    8.096e-06    5.24754e-06     20000   
tprDe_lowP_stopTarg:tprDeLowPStopTargHSFilter:HelixFilter                             4.87e-06     7.11643e-06   0.000180023    6.372e-06    2.88057e-06     19904   
tprDe_highP:tprDeHighPPS:PrescaleEvent                                                1.633e-06    2.44374e-06   3.9376e-05     2.063e-06    1.25576e-06     20000   
tprDe_highP:tprDeHighPTCFilter:TimeClusterFilter                                      6.522e-06    9.11847e-06   0.000187709    7.945e-06    3.46537e-06     20000   
tprDe_highP:tprDeHighPHSFilter:HelixFilter                                            4.698e-06    7.04319e-06   0.000386849    5.871e-06    4.1839e-06      19813   
tprDe_highP_stopTarg:tprDeHighPStopTargPS:PrescaleEvent                               1.593e-06    2.34164e-06   0.000187038    2.054e-06    1.81748e-06     20000   
tprDe_highP_stopTarg:tprDeHighPStopTargTCFilter:TimeClusterFilter                     6.322e-06    8.66333e-06   0.000299252    7.675e-06    5.05791e-06     20000   
tprDe_highP_stopTarg:tprDeHighPStopTargHSFilter:HelixFilter                           4.508e-06    6.62968e-06   0.000173613    5.691e-06    3.21399e-06     19813   
mprDe_highP_stopTarg:mprDeHighPStopTargPS:PrescaleEvent                               1.593e-06    2.2183e-06    0.000190474    1.954e-06    2.04555e-06     20000   
mprDe_highP_stopTarg:mprDeHighPStopTargTCFilter:TimeClusterFilter                     6.442e-06    9.9017e-06    0.000431413    7.945e-06    1.50906e-05     20000   
mprDe_highP_stopTarg:TTRobustMultiHelixFinder:RobustMultiHelixFinder                 1.6772e-05     0.0033225     0.177859     0.00110781    0.00751062      19813   
mprDe_highP_stopTarg:TTMprHelixMergerDe:MergeHelices                                 1.2514e-05    0.000169897   0.00550745     4.657e-05    0.000365067     19813   
mprDe_highP_stopTarg:mprDeHighPStopTargHSFilter:HelixFilter                           5.261e-06    2.21512e-05   0.00203311    1.7444e-05    2.17624e-05     19813   
mprDe_highP_stopTarg:TTMprKSFDe:LoopHelixFit                                         0.000126321    0.0102355     0.0773878    0.00725604    0.00951125      12188   
mprDe_highP_stopTarg:mprDeHighPStopTargKSFilter:KalSeedFilter                         7.734e-06    1.90162e-05   0.000230451   1.6446e-05    9.61077e-06     12188   
[art]:TriggerResults:TriggerResultInserter                                            3.587e-06    5.24572e-06   0.00032992     4.429e-06    3.4462e-06      20000   
cprHelixUe:TTCalHelixFinderUe:CalHelixFinder                                         5.2931e-05    0.00022089    0.00273785    0.00015654    0.000190053     1456    
cprHelixUe:TTCalHelixMergerUe:MergeHelices                                           1.0691e-05    1.48197e-05   5.0457e-05    1.35655e-05   3.78438e-06     1456    
cprHelixUe:cprHelixUeHSFilter:HelixFilter                                             6.101e-06    8.68335e-06   2.5779e-05     7.905e-06    2.3877e-06      1456    
cprHelixDe:TTCalHelixFinderDe:CalHelixFinder                                         4.4475e-05    0.000220955   0.00241188    0.000155747   0.000201632     1579    
cprHelixDe:TTCalHelixMergerDe:MergeHelices                                            1.03e-05     1.46514e-05   0.000191195   1.3155e-05    6.35929e-06     1579    
cprHelixDe:cprHelixDeHSFilter:HelixFilter                                             5.81e-06     9.06345e-06   3.6791e-05     7.975e-06    3.22273e-06     1579    
cprDe_lowP_stopTarg:cprDeLowPStopTargHSFilter:HelixFilter                             5.27e-06     8.47309e-06   3.9776e-05     7.675e-06    2.87116e-06     1579    
cprDe_highP:cprDeHighPHSFilter:HelixFilter                                            4.959e-06    7.27484e-06   3.5988e-05     6.403e-06    2.75214e-06     1579    
cprDe_highP_stopTarg:cprDeHighPStopTargHSFilter:HelixFilter                           5.09e-06     7.54027e-06   4.0427e-05     6.843e-06    2.46087e-06     1579    
tprHelixDe:tprHelixDeTriggerInfoMerger:MergeTriggerInfo                              1.3226e-05    2.11215e-05   0.000223658   1.8296e-05    9.01345e-06     1413    
tprDe_lowP_stopTarg:TTKSFDe:LoopHelixFit                                             0.000156429   0.00177551     0.0116476     0.0014906    0.00121455      1729    
tprDe_lowP_stopTarg:tprDeLowPStopTargKSFilter:KalSeedFilter                           7.415e-06    1.40098e-05   0.000191015   1.2874e-05    6.26899e-06     1729    
tprDe_lowP_stopTarg:tprDeLowPStopTargTriggerInfoMerger:MergeTriggerInfo              1.5831e-05    1.96083e-05   3.7261e-05    1.79295e-05   4.11151e-06      166    
aprHelix:aprHelixTriggerInfoMerger:MergeTriggerInfo                                  1.4768e-05    2.40734e-05   6.3853e-05     2.362e-05    7.02644e-06      306    
apr_highP:TTAprKSF:LoopHelixFit                                                      0.000171799   0.000728128   0.00267638    0.000558873   0.000548707      92     
apr_highP:aprHighPKSFilter:KalSeedFilter                                              4.748e-06    8.35229e-06   2.2753e-05    6.8485e-06    3.69196e-06      234    
tprHelixUe:tprHelixUeTriggerInfoMerger:MergeTriggerInfo                              1.3936e-05    2.43506e-05   0.00021974    2.3826e-05    8.53827e-06     1884    
tprDe_highP:tprDeHighPKSFilter:KalSeedFilter                                          4.689e-06    7.95822e-06   0.000205122    7.154e-06    6.89093e-06     1089    
tprDe_highP_stopTarg:tprDeHighPStopTargKSFilter:KalSeedFilter                         4.549e-06    6.98665e-06   0.000157952    6.412e-06    6.21282e-06      695    
tprHelixDe_ipa:tprHelixDeIpaTriggerInfoMerger:MergeTriggerInfo                        9.999e-06    1.52528e-05   4.0467e-05    1.4018e-05    4.78385e-06      543    
tprDe_lowP_stopTarg:TThelixFinder:RobustHelixFinder                                   9.708e-06    3.13304e-05   0.00028271    1.6872e-05    3.79566e-05      91     
tprDe_lowP_stopTarg:TTHelixMergerDe:MergeHelices                                     1.1002e-05    1.43099e-05   2.8414e-05    1.3035e-05    3.52181e-06      91     
mprDe_highP_stopTarg:mprDeHighPStopTargTriggerInfoMerger:MergeTriggerInfo            1.7223e-05    3.22698e-05   9.8337e-05    2.92155e-05   1.2548e-05       268    
cprHelixDe:cprHelixDeTriggerInfoMerger:MergeTriggerInfo                              1.4508e-05    2.34291e-05   8.7256e-05    2.3034e-05    9.57915e-06      73     
cprDe_highP:TTCalSeedFitDe:LoopHelixFit                                              0.000189993   0.000899793   0.00223514    0.000727931   0.000737862       6     
cprDe_highP:cprDeHighPKSFilter:KalSeedFilter                                          5.49e-06     8.99764e-06   2.1922e-05     7.835e-06    3.91063e-06      39     
tprDe_highP:TTKSFDe:LoopHelixFit                                                     0.000158744   0.00147466    0.00685648    0.00104726    0.00107918       121    
tprHelixDe_ipa_phiScaled:tprHelixDeIpaPhiScaledTriggerInfoMerger:MergeTriggerInfo    1.0489e-05    1.64578e-05   4.3724e-05    1.5259e-05    5.08385e-06      139    
apr_lowP_stopTarg:TTAprKSF:LoopHelixFit                                              0.000161759   0.000831562   0.00303065    0.000646636   0.000622271      209    
apr_lowP_stopTarg:aprLowPStopTargKSFilter:KalSeedFilter                               5.711e-06    1.29004e-05   0.00012559    1.2108e-05    8.48066e-06      212    
cprDe_lowP_stopTarg:TTCalSeedFitDe:LoopHelixFit                                      0.000161879   0.000922205   0.00355096    0.00108595    0.000652169      69     
cprDe_lowP_stopTarg:cprDeLowPStopTargKSFilter:KalSeedFilter                           8.888e-06    1.30967e-05    2.645e-05    1.2494e-05    3.33987e-06      69     
apr_highP_stopTarg:aprHighPStopTargKSFilter:KalSeedFilter                             4.609e-06    6.38494e-06    2.103e-05     5.45e-06     2.66794e-06      69     
cprDe_lowP_stopTarg:cprDeLowPStopTargTriggerInfoMerger:MergeTriggerInfo              1.6121e-05    1.83356e-05   2.6681e-05    1.71425e-05   2.62967e-06      18     
apr_lowP_stopTarg:aprLowPStopTargTriggerInfoMerger:MergeTriggerInfo                  1.6291e-05    1.8221e-05    3.0629e-05    1.7463e-05    2.91754e-06      24     
apr_lowP_stopTarg_multiTrk:TTAprKSF:LoopHelixFit                                     0.000931851   0.00116293    0.00165094    0.00103446    0.000285266       4     
apr_lowP_stopTarg_multiTrk:aprLowPStopTargMultiTrkKSFilter:KalSeedFilter              9.758e-06    1.13515e-05   1.3015e-05    1.13165e-05   1.27318e-06       4     
apr_highP:aprHighPTriggerInfoMerger:MergeTriggerInfo                                 1.3606e-05    1.45583e-05   1.5109e-05    1.4709e-05    4.33133e-07       7     
apr_highP_stopTarg:aprHighPStopTargTriggerInfoMerger:MergeTriggerInfo                1.1872e-05    1.53414e-05    2.603e-05    1.2765e-05    5.36541e-06       5     
cprDe_highP_stopTarg:cprDeHighPStopTargKSFilter:KalSeedFilter                         4.929e-06    6.78894e-06    8.756e-06     6.783e-06    1.0965e-06       18     
tprDe_highP:tprDeHighPTriggerInfoMerger:MergeTriggerInfo                             1.7133e-05    2.16265e-05   2.9296e-05    2.00385e-05   4.81288e-06       4     
cprDe_highP:cprDeHighPTriggerInfoMerger:MergeTriggerInfo                             1.4988e-05    1.4988e-05    1.4988e-05    1.4988e-05         0            1     
cprDe_highP_stopTarg:cprDeHighPStopTargTriggerInfoMerger:MergeTriggerInfo            1.3055e-05    1.3055e-05    1.3055e-05    1.3055e-05         0            1     
=======================================================================================================================================================================
DbEngine::endJob
    Total time in reading DB: 464.403 s
    Total time waiting for locks: 1e-06 s
    Total time in locks: 232.442 s
    valcache memory: 58065 b
  Database cache stats:
    cache nTable : 11
    cache HWM    : 1364957 b
    cache nPurges : 0
    cache nPurged : 0

TrigReport ---------- Event summary -------------
TrigReport Events total = 20000 passed = 4452 failed = 15548

TrigReport ---------- Trigger-path summary ------------
TrigReport    Path ID        Run     Passed     Failed      Error Name
TrigReport        100      20000          0      20000          0 tprDe_highP_stopTarg
TrigReport        101      20000          4      19996          0 tprDe_highP
TrigReport        110      20000        166      19834          0 tprDe_lowP_stopTarg
TrigReport        120      20000        543      19457          0 tprHelixDe_ipa
TrigReport        121      20000        139      19861          0 tprHelixDe_ipa_phiScaled
TrigReport        130      20000       1413      18587          0 tprHelixDe
TrigReport        131      20000       1884      18116          0 tprHelixUe
TrigReport        150      20000          1      19999          0 cprDe_highP_stopTarg
TrigReport        151      20000          1      19999          0 cprDe_highP
TrigReport        160      20000         18      19982          0 cprDe_lowP_stopTarg
TrigReport        170      20000         73      19927          0 cprHelixDe
TrigReport        171      20000         28      19972          0 cprHelixUe
TrigReport        180      20000          5      19995          0 apr_highP_stopTarg
TrigReport        181      20000          7      19993          0 apr_highP
TrigReport        190      20000         24      19976          0 apr_lowP_stopTarg
TrigReport        191      20000          0      20000          0 apr_lowP_stopTarg_multiTrk
TrigReport        195      20000        306      19694          0 aprHelix
TrigReport        200      20000        471      19529          0 caloFast_photon
TrigReport        201      20000       1844      18156          0 caloFast_MVANNCE
TrigReport        202      20000          0      20000          0 caloFast_cosmic
TrigReport        210      20000        268      19732          0 mprDe_highP_stopTarg
TrigReport        220      20000          0      20000          0 caloFast_RMC
TrigReport        310      20000          0      20000          0 cstTimeCluster
TrigReport        320      20000          0      20000          0 cstCosmicTrackSeed
TrigReport        400      20000          0      20000          0 minBias_SDCount
TrigReport        410      20000          0      20000          0 minBias_CDCount
TrigReport        500      20000          0      20000          0 caloHitRec_N0Source

TrigReport ---------- End-path summary ---------
TrigReport        Run    Success      Error

TrigReport ---------- Modules in path: aprHelix ------------
TrigReport    Path ID    Visited     Passed     Failed      Error Name
TrigReport        195      20000      20000          0          0 artFragFromDTCEvents
TrigReport        195      20000      20000          0          0 aprLowPStopTargPS
TrigReport        195      20000      20000          0          0 CaloHitMakerFast
TrigReport        195      20000      20000          0          0 CaloClusterFast
TrigReport        195      20000      20000          0          0 TTmakeSH
TrigReport        195      20000      20000          0          0 TTmakePH
TrigReport        195      20000      20000          0          0 TTflagPH
TrigReport        195      20000      20000          0          0 TTTZClusterFinder
TrigReport        195      20000      15995       4005          0 aprHelixTCFilter
TrigReport        195      15995      15995          0          0 TTAprHelixFinder
TrigReport        195      15995      15995          0          0 TTAprHelixMerger
TrigReport        195      15995        306      15689          0 aprHelixHSFilter
TrigReport        195        306        306          0          0 aprHelixTriggerInfoMerger

TrigReport ---------- Modules in path: apr_highP ------------
TrigReport    Path ID    Visited     Passed     Failed      Error Name
TrigReport        181      20000      20000          0          0 artFragFromDTCEvents
TrigReport        181      20000      20000          0          0 aprHighPPS
TrigReport        181      20000      20000          0          0 CaloHitMakerFast
TrigReport        181      20000      20000          0          0 CaloClusterFast
TrigReport        181      20000      20000          0          0 TTmakeSH
TrigReport        181      20000      20000          0          0 TTmakePH
TrigReport        181      20000      20000          0          0 TTflagPH
TrigReport        181      20000      20000          0          0 TTTZClusterFinder
TrigReport        181      20000      15995       4005          0 aprHighPTCFilter
TrigReport        181      15995      15995          0          0 TTAprHelixFinder
TrigReport        181      15995      15995          0          0 TTAprHelixMerger
TrigReport        181      15995        234      15761          0 aprHighPHSFilter
TrigReport        181        234        234          0          0 TTAprKSF
TrigReport        181        234          7        227          0 aprHighPKSFilter
TrigReport        181          7          7          0          0 aprHighPTriggerInfoMerger

TrigReport ---------- Modules in path: apr_highP_stopTarg ------------
TrigReport    Path ID    Visited     Passed     Failed      Error Name
TrigReport        180      20000      20000          0          0 artFragFromDTCEvents
TrigReport        180      20000      20000          0          0 aprHighPStopTargPS
TrigReport        180      20000      20000          0          0 CaloHitMakerFast
TrigReport        180      20000      20000          0          0 CaloClusterFast
TrigReport        180      20000      20000          0          0 TTmakeSH
TrigReport        180      20000      20000          0          0 TTmakePH
TrigReport        180      20000      20000          0          0 TTflagPH
TrigReport        180      20000      20000          0          0 TTTZClusterFinder
TrigReport        180      20000      15995       4005          0 aprHighPStopTargTCFilter
TrigReport        180      15995      15995          0          0 TTAprHelixFinder
TrigReport        180      15995      15995          0          0 TTAprHelixMerger
TrigReport        180      15995         69      15926          0 aprHighPStopTargHSFilter
TrigReport        180         69         69          0          0 TTAprKSF
TrigReport        180         69          5         64          0 aprHighPStopTargKSFilter
TrigReport        180          5          5          0          0 aprHighPStopTargTriggerInfoMerger

TrigReport ---------- Modules in path: apr_lowP_stopTarg ------------
TrigReport    Path ID    Visited     Passed     Failed      Error Name
TrigReport        190      20000      20000          0          0 artFragFromDTCEvents
TrigReport        190      20000      20000          0          0 aprLowPStopTargPS
TrigReport        190      20000      20000          0          0 CaloHitMakerFast
TrigReport        190      20000      20000          0          0 CaloClusterFast
TrigReport        190      20000      20000          0          0 TTmakeSH
TrigReport        190      20000      20000          0          0 TTmakePH
TrigReport        190      20000      20000          0          0 TTflagPH
TrigReport        190      20000      20000          0          0 TTTZClusterFinder
TrigReport        190      20000      15995       4005          0 aprLowPStopTargTCFilter
TrigReport        190      15995      15995          0          0 TTAprHelixFinder
TrigReport        190      15995      15995          0          0 TTAprHelixMerger
TrigReport        190      15995        212      15783          0 aprLowPStopTargHSFilter
TrigReport        190        212        212          0          0 TTAprKSF
TrigReport        190        212         24        188          0 aprLowPStopTargKSFilter
TrigReport        190         24         24          0          0 aprLowPStopTargTriggerInfoMerger

TrigReport ---------- Modules in path: apr_lowP_stopTarg_multiTrk ------------
TrigReport    Path ID    Visited     Passed     Failed      Error Name
TrigReport        191      20000      20000          0          0 artFragFromDTCEvents
TrigReport        191      20000      20000          0          0 aprLowPStopTargMultiTrkPS
TrigReport        191      20000      20000          0          0 CaloHitMakerFast
TrigReport        191      20000      20000          0          0 CaloClusterFast
TrigReport        191      20000      20000          0          0 TTmakeSH
TrigReport        191      20000      20000          0          0 TTmakePH
TrigReport        191      20000      20000          0          0 TTflagPH
TrigReport        191      20000      20000          0          0 TTTZClusterFinder
TrigReport        191      20000      15995       4005          0 aprLowPStopTargMultiTrkTCFilter
TrigReport        191      15995      15995          0          0 TTAprHelixFinder
TrigReport        191      15995      15995          0          0 TTAprHelixMerger
TrigReport        191      15995          4      15991          0 aprLowPStopTargMultiTrkHSFilter
TrigReport        191          4          4          0          0 TTAprKSF
TrigReport        191          4          0          4          0 aprLowPStopTargMultiTrkKSFilter
TrigReport        191          0          0          0          0 aprLowPStopTargMultiTrkTriggerInfoMerger

TrigReport ---------- Modules in path: caloFast_MVANNCE ------------
TrigReport    Path ID    Visited     Passed     Failed      Error Name
TrigReport        201      20000      20000          0          0 artFragFromDTCEvents
TrigReport        201      20000      20000          0          0 caloFastMVANNCEPS
TrigReport        201      20000      20000          0          0 CaloHitMakerFast
TrigReport        201      20000      20000          0          0 CaloClusterFast
TrigReport        201      20000       1844      18156          0 caloFastMVANNCEFilter

TrigReport ---------- Modules in path: caloFast_RMC ------------
TrigReport    Path ID    Visited     Passed     Failed      Error Name
TrigReport        220      20000      20000          0          0 artFragFromDTCEvents
TrigReport        220      20000      20000          0          0 caloFastRMCPS
TrigReport        220      20000      20000          0          0 CaloHitMakerFast
TrigReport        220      20000      20000          0          0 CaloClusterFast
TrigReport        220      20000          0      20000          0 caloFastRMCFilter

TrigReport ---------- Modules in path: caloFast_cosmic ------------
TrigReport    Path ID    Visited     Passed     Failed      Error Name
TrigReport        202      20000      20000          0          0 artFragFromDTCEvents
TrigReport        202      20000      20000          0          0 caloFastCosmicPS
TrigReport        202      20000      20000          0          0 CaloHitMakerFast
TrigReport        202      20000      20000          0          0 CaloClusterFast
TrigReport        202      20000          0      20000          0 caloFastCosmicFilter

TrigReport ---------- Modules in path: caloFast_photon ------------
TrigReport    Path ID    Visited     Passed     Failed      Error Name
TrigReport        200      20000      20000          0          0 artFragFromDTCEvents
TrigReport        200      20000      20000          0          0 caloFastPhotonPS
TrigReport        200      20000      20000          0          0 CaloHitMakerFast
TrigReport        200      20000      20000          0          0 CaloClusterFast
TrigReport        200      20000        471      19529          0 caloFastPhotonFilter

TrigReport ---------- Modules in path: caloHitRec_N0Source ------------
TrigReport    Path ID    Visited     Passed     Failed      Error Name
TrigReport        500      20000      20000          0          0 artFragFromDTCEvents
TrigReport        500      20000          0      20000          0 caloHitRecN0SourcePS
TrigReport        500          0          0          0          0 CaloHitMakerFast
TrigReport        500          0          0          0          0 caloHitRecN0SourceFilter

TrigReport ---------- Modules in path: cprDe_highP ------------
TrigReport    Path ID    Visited     Passed     Failed      Error Name
TrigReport        151      20000      20000          0          0 artFragFromDTCEvents
TrigReport        151      20000      20000          0          0 cprDeHighPPS
TrigReport        151      20000      20000          0          0 CaloHitMakerFast
TrigReport        151      20000      20000          0          0 CaloClusterFast
TrigReport        151      20000      20000          0          0 TTmakeSH
TrigReport        151      20000      20000          0          0 TTmakePH
TrigReport        151      20000      20000          0          0 TTflagPH
TrigReport        151      20000      20000          0          0 TTCalTimePeakFinder
TrigReport        151      20000       1579      18421          0 cprDeHighPTCFilter
TrigReport        151       1579       1579          0          0 TTCalHelixFinderDe
TrigReport        151       1579       1579          0          0 TTCalHelixMergerDe
TrigReport        151       1579         39       1540          0 cprDeHighPHSFilter
TrigReport        151         39         39          0          0 TTCalSeedFitDe
TrigReport        151         39          1         38          0 cprDeHighPKSFilter
TrigReport        151          1          1          0          0 cprDeHighPTriggerInfoMerger

TrigReport ---------- Modules in path: cprDe_highP_stopTarg ------------
TrigReport    Path ID    Visited     Passed     Failed      Error Name
TrigReport        150      20000      20000          0          0 artFragFromDTCEvents
TrigReport        150      20000      20000          0          0 cprDeHighPStopTargPS
TrigReport        150      20000      20000          0          0 CaloHitMakerFast
TrigReport        150      20000      20000          0          0 CaloClusterFast
TrigReport        150      20000      20000          0          0 TTmakeSH
TrigReport        150      20000      20000          0          0 TTmakePH
TrigReport        150      20000      20000          0          0 TTflagPH
TrigReport        150      20000      20000          0          0 TTCalTimePeakFinder
TrigReport        150      20000       1579      18421          0 cprDeHighPStopTargTCFilter
TrigReport        150       1579       1579          0          0 TTCalHelixFinderDe
TrigReport        150       1579       1579          0          0 TTCalHelixMergerDe
TrigReport        150       1579         18       1561          0 cprDeHighPStopTargHSFilter
TrigReport        150         18         18          0          0 TTCalSeedFitDe
TrigReport        150         18          1         17          0 cprDeHighPStopTargKSFilter
TrigReport        150          1          1          0          0 cprDeHighPStopTargTriggerInfoMerger

TrigReport ---------- Modules in path: cprDe_lowP_stopTarg ------------
TrigReport    Path ID    Visited     Passed     Failed      Error Name
TrigReport        160      20000      20000          0          0 artFragFromDTCEvents
TrigReport        160      20000      20000          0          0 cprDeLowPStopTargPS
TrigReport        160      20000      20000          0          0 CaloHitMakerFast
TrigReport        160      20000      20000          0          0 CaloClusterFast
TrigReport        160      20000      20000          0          0 TTmakeSH
TrigReport        160      20000      20000          0          0 TTmakePH
TrigReport        160      20000      20000          0          0 TTflagPH
TrigReport        160      20000      20000          0          0 TTCalTimePeakFinder
TrigReport        160      20000       1579      18421          0 cprDeLowPStopTargTCFilter
TrigReport        160       1579       1579          0          0 TTCalHelixFinderDe
TrigReport        160       1579       1579          0          0 TTCalHelixMergerDe
TrigReport        160       1579         69       1510          0 cprDeLowPStopTargHSFilter
TrigReport        160         69         69          0          0 TTCalSeedFitDe
TrigReport        160         69         18         51          0 cprDeLowPStopTargKSFilter
TrigReport        160         18         18          0          0 cprDeLowPStopTargTriggerInfoMerger

TrigReport ---------- Modules in path: cprHelixDe ------------
TrigReport    Path ID    Visited     Passed     Failed      Error Name
TrigReport        170      20000      20000          0          0 artFragFromDTCEvents
TrigReport        170      20000      20000          0          0 cprHelixDePS
TrigReport        170      20000      20000          0          0 CaloHitMakerFast
TrigReport        170      20000      20000          0          0 CaloClusterFast
TrigReport        170      20000      20000          0          0 TTmakeSH
TrigReport        170      20000      20000          0          0 TTmakePH
TrigReport        170      20000      20000          0          0 TTflagPH
TrigReport        170      20000      20000          0          0 TTCalTimePeakFinder
TrigReport        170      20000       1579      18421          0 cprHelixDeTCFilter
TrigReport        170       1579       1579          0          0 TTCalHelixFinderDe
TrigReport        170       1579       1579          0          0 TTCalHelixMergerDe
TrigReport        170       1579         73       1506          0 cprHelixDeHSFilter
TrigReport        170         73         73          0          0 cprHelixDeTriggerInfoMerger

TrigReport ---------- Modules in path: cprHelixUe ------------
TrigReport    Path ID    Visited     Passed     Failed      Error Name
TrigReport        171      20000      20000          0          0 artFragFromDTCEvents
TrigReport        171      20000      20000          0          0 cprHelixUePS
TrigReport        171      20000      20000          0          0 CaloHitMakerFast
TrigReport        171      20000      20000          0          0 CaloClusterFast
TrigReport        171      20000      20000          0          0 TTmakeSH
TrigReport        171      20000      20000          0          0 TTmakePH
TrigReport        171      20000      20000          0          0 TTflagPH
TrigReport        171      20000      20000          0          0 TTCalTimePeakFinderUe
TrigReport        171      20000       1456      18544          0 cprHelixUeTCFilter
TrigReport        171       1456       1456          0          0 TTCalHelixFinderUe
TrigReport        171       1456       1456          0          0 TTCalHelixMergerUe
TrigReport        171       1456         28       1428          0 cprHelixUeHSFilter

TrigReport ---------- Modules in path: cstCosmicTrackSeed ------------
TrigReport    Path ID    Visited     Passed     Failed      Error Name
TrigReport        320      20000      20000          0          0 artFragFromDTCEvents
TrigReport        320      20000          0      20000          0 cstCosmicTrackSeedPS
TrigReport        320          0          0          0          0 TTOmakeSH
TrigReport        320          0          0          0          0 TTOmakePH
TrigReport        320          0          0          0          0 cstCosmicTrackSeedSDCountFilter
TrigReport        320          0          0          0          0 CstSimpleTimeCluster
TrigReport        320          0          0          0          0 cstCosmicTrackSeedTCFilter
TrigReport        320          0          0          0          0 CstLineFinder
TrigReport        320          0          0          0          0 cstCosmicTrackSeedCTSFilter
TrigReport        320          0          0          0          0 cstCosmicTrackSeedTriggerInfoMerger

TrigReport ---------- Modules in path: cstTimeCluster ------------
TrigReport    Path ID    Visited     Passed     Failed      Error Name
TrigReport        310      20000      20000          0          0 artFragFromDTCEvents
TrigReport        310      20000          0      20000          0 cstTimeClusterPS
TrigReport        310          0          0          0          0 TTOmakeSH
TrigReport        310          0          0          0          0 TTOmakePH
TrigReport        310          0          0          0          0 cstTimeClusterSDCountFilter
TrigReport        310          0          0          0          0 CstSimpleTimeCluster
TrigReport        310          0          0          0          0 cstTimeClusterTCFilter
TrigReport        310          0          0          0          0 cstTimeClusterTriggerInfoMerger

TrigReport ---------- Modules in path: minBias_CDCount ------------
TrigReport    Path ID    Visited     Passed     Failed      Error Name
TrigReport        410      20000      20000          0          0 artFragFromDTCEvents
TrigReport        410      20000          0      20000          0 minBiasCDCountPS
TrigReport        410          0          0          0          0 minBiasCDCountFilter

TrigReport ---------- Modules in path: minBias_SDCount ------------
TrigReport    Path ID    Visited     Passed     Failed      Error Name
TrigReport        400      20000      20000          0          0 artFragFromDTCEvents
TrigReport        400      20000          0      20000          0 minBiasSDCountPS
TrigReport        400          0          0          0          0 minBiasSDCountFilter

TrigReport ---------- Modules in path: mprDe_highP_stopTarg ------------
TrigReport    Path ID    Visited     Passed     Failed      Error Name
TrigReport        210      20000      20000          0          0 artFragFromDTCEvents
TrigReport        210      20000      20000          0          0 mprDeHighPStopTargPS
TrigReport        210      20000      20000          0          0 CaloHitMakerFast
TrigReport        210      20000      20000          0          0 CaloClusterFast
TrigReport        210      20000      20000          0          0 TTmakeSH
TrigReport        210      20000      20000          0          0 TTmakePH
TrigReport        210      20000      20000          0          0 TTflagPH
TrigReport        210      20000      20000          0          0 TTtimeClusterFinder
TrigReport        210      20000      19813        187          0 mprDeHighPStopTargTCFilter
TrigReport        210      19813      19813          0          0 TTRobustMultiHelixFinder
TrigReport        210      19813      19813          0          0 TTMprHelixMergerDe
TrigReport        210      19813      12188       7625          0 mprDeHighPStopTargHSFilter
TrigReport        210      12188      12188          0          0 TTMprKSFDe
TrigReport        210      12188        268      11920          0 mprDeHighPStopTargKSFilter
TrigReport        210        268        268          0          0 mprDeHighPStopTargTriggerInfoMerger

TrigReport ---------- Modules in path: tprDe_highP ------------
TrigReport    Path ID    Visited     Passed     Failed      Error Name
TrigReport        101      20000      20000          0          0 artFragFromDTCEvents
TrigReport        101      20000      20000          0          0 tprDeHighPPS
TrigReport        101      20000      20000          0          0 CaloHitMakerFast
TrigReport        101      20000      20000          0          0 CaloClusterFast
TrigReport        101      20000      20000          0          0 TTmakeSH
TrigReport        101      20000      20000          0          0 TTmakePH
TrigReport        101      20000      20000          0          0 TTflagPH
TrigReport        101      20000      20000          0          0 TTtimeClusterFinder
TrigReport        101      20000      19813        187          0 tprDeHighPTCFilter
TrigReport        101      19813      19813          0          0 TThelixFinder
TrigReport        101      19813      19813          0          0 TTHelixMergerDe
TrigReport        101      19813       1089      18724          0 tprDeHighPHSFilter
TrigReport        101       1089       1089          0          0 TTKSFDe
TrigReport        101       1089          4       1085          0 tprDeHighPKSFilter
TrigReport        101          4          4          0          0 tprDeHighPTriggerInfoMerger

TrigReport ---------- Modules in path: tprDe_highP_stopTarg ------------
TrigReport    Path ID    Visited     Passed     Failed      Error Name
TrigReport        100      20000      20000          0          0 artFragFromDTCEvents
TrigReport        100      20000      20000          0          0 tprDeHighPStopTargPS
TrigReport        100      20000      20000          0          0 CaloHitMakerFast
TrigReport        100      20000      20000          0          0 CaloClusterFast
TrigReport        100      20000      20000          0          0 TTmakeSH
TrigReport        100      20000      20000          0          0 TTmakePH
TrigReport        100      20000      20000          0          0 TTflagPH
TrigReport        100      20000      20000          0          0 TTtimeClusterFinder
TrigReport        100      20000      19813        187          0 tprDeHighPStopTargTCFilter
TrigReport        100      19813      19813          0          0 TThelixFinder
TrigReport        100      19813      19813          0          0 TTHelixMergerDe
TrigReport        100      19813        695      19118          0 tprDeHighPStopTargHSFilter
TrigReport        100        695        695          0          0 TTKSFDe
TrigReport        100        695          0        695          0 tprDeHighPStopTargKSFilter
TrigReport        100          0          0          0          0 tprDeHighPStopTargTriggerInfoMerger

TrigReport ---------- Modules in path: tprDe_lowP_stopTarg ------------
TrigReport    Path ID    Visited     Passed     Failed      Error Name
TrigReport        110      20000      20000          0          0 artFragFromDTCEvents
TrigReport        110      20000      20000          0          0 tprDeLowPStopTargPS
TrigReport        110      20000      20000          0          0 CaloHitMakerFast
TrigReport        110      20000      20000          0          0 CaloClusterFast
TrigReport        110      20000      20000          0          0 TTmakeSH
TrigReport        110      20000      20000          0          0 TTmakePH
TrigReport        110      20000      20000          0          0 TTflagPH
TrigReport        110      20000      20000          0          0 TTtimeClusterFinder
TrigReport        110      20000      19904         96          0 tprDeLowPStopTargTCFilter
TrigReport        110      19904      19904          0          0 TThelixFinder
TrigReport        110      19904      19904          0          0 TTHelixMergerDe
TrigReport        110      19904       1729      18175          0 tprDeLowPStopTargHSFilter
TrigReport        110       1729       1729          0          0 TTKSFDe
TrigReport        110       1729        166       1563          0 tprDeLowPStopTargKSFilter
TrigReport        110        166        166          0          0 tprDeLowPStopTargTriggerInfoMerger

TrigReport ---------- Modules in path: tprHelixDe ------------
TrigReport    Path ID    Visited     Passed     Failed      Error Name
TrigReport        130      20000      20000          0          0 artFragFromDTCEvents
TrigReport        130      20000      20000          0          0 tprHelixDePS
TrigReport        130      20000      20000          0          0 CaloHitMakerFast
TrigReport        130      20000      20000          0          0 CaloClusterFast
TrigReport        130      20000      20000          0          0 TTmakeSH
TrigReport        130      20000      20000          0          0 TTmakePH
TrigReport        130      20000      20000          0          0 TTflagPH
TrigReport        130      20000      20000          0          0 TTtimeClusterFinder
TrigReport        130      20000      19813        187          0 tprHelixDeTCFilter
TrigReport        130      19813      19813          0          0 TThelixFinder
TrigReport        130      19813      19813          0          0 TTHelixMergerDe
TrigReport        130      19813       1413      18400          0 tprHelixDeHSFilter
TrigReport        130       1413       1413          0          0 tprHelixDeTriggerInfoMerger

TrigReport ---------- Modules in path: tprHelixDe_ipa ------------
TrigReport    Path ID    Visited     Passed     Failed      Error Name
TrigReport        120      20000      20000          0          0 artFragFromDTCEvents
TrigReport        120      20000      20000          0          0 tprHelixDeIpaPS
TrigReport        120      20000      20000          0          0 CaloHitMakerFast
TrigReport        120      20000      20000          0          0 CaloClusterFast
TrigReport        120      20000      20000          0          0 TTmakeSH
TrigReport        120      20000      20000          0          0 TTmakePH
TrigReport        120      20000      20000          0          0 TTflagPH
TrigReport        120      20000      20000          0          0 TTtimeClusterFinder
TrigReport        120      20000      19813        187          0 tprHelixDeIpaTCFilter
TrigReport        120      19813      19813          0          0 TThelixFinder
TrigReport        120      19813      19813          0          0 TTHelixMergerDe
TrigReport        120      19813        543      19270          0 tprHelixDeIpaHSFilter
TrigReport        120        543        543          0          0 tprHelixDeIpaTriggerInfoMerger

TrigReport ---------- Modules in path: tprHelixDe_ipa_phiScaled ------------
TrigReport    Path ID    Visited     Passed     Failed      Error Name
TrigReport        121      20000      20000          0          0 artFragFromDTCEvents
TrigReport        121      20000      20000          0          0 tprHelixDeIpaPhiScaledPS
TrigReport        121      20000      20000          0          0 CaloHitMakerFast
TrigReport        121      20000      20000          0          0 CaloClusterFast
TrigReport        121      20000      20000          0          0 TTmakeSH
TrigReport        121      20000      20000          0          0 TTmakePH
TrigReport        121      20000      20000          0          0 TTflagPH
TrigReport        121      20000      20000          0          0 TTtimeClusterFinder
TrigReport        121      20000      19813        187          0 tprHelixDeIpaPhiScaledTCFilter
TrigReport        121      19813      19813          0          0 TThelixFinder
TrigReport        121      19813      19813          0          0 TTHelixMergerDe
TrigReport        121      19813        139      19674          0 tprHelixDeIpaPhiScaledHSFilter
TrigReport        121        139        139          0          0 tprHelixDeIpaPhiScaledTriggerInfoMerger

TrigReport ---------- Modules in path: tprHelixUe ------------
TrigReport    Path ID    Visited     Passed     Failed      Error Name
TrigReport        131      20000      20000          0          0 artFragFromDTCEvents
TrigReport        131      20000      20000          0          0 tprHelixUePS
TrigReport        131      20000      20000          0          0 CaloHitMakerFast
TrigReport        131      20000      20000          0          0 CaloClusterFast
TrigReport        131      20000      20000          0          0 TTmakeSH
TrigReport        131      20000      20000          0          0 TTmakePH
TrigReport        131      20000      20000          0          0 TTflagPH
TrigReport        131      20000      20000          0          0 TTtimeClusterFinderUe
TrigReport        131      20000      19786        214          0 tprHelixUeTCFilter
TrigReport        131      19786      19786          0          0 TThelixFinderUe
TrigReport        131      19786      19786          0          0 TTHelixMergerUe
TrigReport        131      19786       1884      17902          0 tprHelixUeHSFilter
TrigReport        131       1884       1884          0          0 tprHelixUeTriggerInfoMerger

TrigReport ---------- Module summary ------------
TrigReport    Visited        Run     Passed     Failed      Error Name
TrigReport     440000      20000      20000          0          0 CaloClusterFast
TrigReport     440000      20000      20000          0          0 CaloHitMakerFast
TrigReport          0          0          0          0          0 CstLineFinder
TrigReport          0          0          0          0          0 CstSimpleTimeCluster
TrigReport      79975      15995      15995          0          0 TTAprHelixFinder
TrigReport      79975      15995      15995          0          0 TTAprHelixMerger
TrigReport        519        305        305          0          0 TTAprKSF
TrigReport       6316       1579       1579          0          0 TTCalHelixFinderDe
TrigReport       1456       1456       1456          0          0 TTCalHelixFinderUe
TrigReport       6316       1579       1579          0          0 TTCalHelixMergerDe
TrigReport       1456       1456       1456          0          0 TTCalHelixMergerUe
TrigReport        126         75         75          0          0 TTCalSeedFitDe
TrigReport      80000      20000      20000          0          0 TTCalTimePeakFinder
TrigReport      20000      20000      20000          0          0 TTCalTimePeakFinderUe
TrigReport     118969      19904      19904          0          0 TTHelixMergerDe
TrigReport      19786      19786      19786          0          0 TTHelixMergerUe
TrigReport       3513       1850       1850          0          0 TTKSFDe
TrigReport      19813      19813      19813          0          0 TTMprHelixMergerDe
TrigReport      12188      12188      12188          0          0 TTMprKSFDe
TrigReport          0          0          0          0          0 TTOmakePH
TrigReport          0          0          0          0          0 TTOmakeSH
TrigReport      19813      19813      19813          0          0 TTRobustMultiHelixFinder
TrigReport     100000      20000      20000          0          0 TTTZClusterFinder
TrigReport     360000      20000      20000          0          0 TTflagPH
TrigReport     118969      19904      19904          0          0 TThelixFinder
TrigReport      19786      19786      19786          0          0 TThelixFinderUe
TrigReport     360000      20000      20000          0          0 TTmakePH
TrigReport     360000      20000      20000          0          0 TTmakeSH
TrigReport     140000      20000      20000          0          0 TTtimeClusterFinder
TrigReport      20000      20000      20000          0          0 TTtimeClusterFinderUe
TrigReport      15995      15995        306      15689          0 aprHelixHSFilter
TrigReport      20000      20000      15995       4005          0 aprHelixTCFilter
TrigReport        306        306        306          0          0 aprHelixTriggerInfoMerger
TrigReport      15995      15995        234      15761          0 aprHighPHSFilter
TrigReport        234        234          7        227          0 aprHighPKSFilter
TrigReport      20000      20000      20000          0          0 aprHighPPS
TrigReport      15995      15995         69      15926          0 aprHighPStopTargHSFilter
TrigReport         69         69          5         64          0 aprHighPStopTargKSFilter
TrigReport      20000      20000      20000          0          0 aprHighPStopTargPS
TrigReport      20000      20000      15995       4005          0 aprHighPStopTargTCFilter
TrigReport          5          5          5          0          0 aprHighPStopTargTriggerInfoMerger
TrigReport      20000      20000      15995       4005          0 aprHighPTCFilter
TrigReport          7          7          7          0          0 aprHighPTriggerInfoMerger
TrigReport      15995      15995        212      15783          0 aprLowPStopTargHSFilter
TrigReport        212        212         24        188          0 aprLowPStopTargKSFilter
TrigReport      15995      15995          4      15991          0 aprLowPStopTargMultiTrkHSFilter
TrigReport          4          4          0          4          0 aprLowPStopTargMultiTrkKSFilter
TrigReport      20000      20000      20000          0          0 aprLowPStopTargMultiTrkPS
TrigReport      20000      20000      15995       4005          0 aprLowPStopTargMultiTrkTCFilter
TrigReport          0          0          0          0          0 aprLowPStopTargMultiTrkTriggerInfoMerger
TrigReport      40000      20000      20000          0          0 aprLowPStopTargPS
TrigReport      20000      20000      15995       4005          0 aprLowPStopTargTCFilter
TrigReport         24         24         24          0          0 aprLowPStopTargTriggerInfoMerger
TrigReport     540000      20000      20000          0          0 artFragFromDTCEvents
TrigReport      20000      20000          0      20000          0 caloFastCosmicFilter
TrigReport      20000      20000      20000          0          0 caloFastCosmicPS
TrigReport      20000      20000       1844      18156          0 caloFastMVANNCEFilter
TrigReport      20000      20000      20000          0          0 caloFastMVANNCEPS
TrigReport      20000      20000        471      19529          0 caloFastPhotonFilter
TrigReport      20000      20000      20000          0          0 caloFastPhotonPS
TrigReport      20000      20000          0      20000          0 caloFastRMCFilter
TrigReport      20000      20000      20000          0          0 caloFastRMCPS
TrigReport          0          0          0          0          0 caloHitRecN0SourceFilter
TrigReport      20000      20000          0      20000          0 caloHitRecN0SourcePS
TrigReport       1579       1579         39       1540          0 cprDeHighPHSFilter
TrigReport         39         39          1         38          0 cprDeHighPKSFilter
TrigReport      20000      20000      20000          0          0 cprDeHighPPS
TrigReport       1579       1579         18       1561          0 cprDeHighPStopTargHSFilter
TrigReport         18         18          1         17          0 cprDeHighPStopTargKSFilter
TrigReport      20000      20000      20000          0          0 cprDeHighPStopTargPS
TrigReport      20000      20000       1579      18421          0 cprDeHighPStopTargTCFilter
TrigReport          1          1          1          0          0 cprDeHighPStopTargTriggerInfoMerger
TrigReport      20000      20000       1579      18421          0 cprDeHighPTCFilter
TrigReport          1          1          1          0          0 cprDeHighPTriggerInfoMerger
TrigReport       1579       1579         69       1510          0 cprDeLowPStopTargHSFilter
TrigReport         69         69         18         51          0 cprDeLowPStopTargKSFilter
TrigReport      20000      20000      20000          0          0 cprDeLowPStopTargPS
TrigReport      20000      20000       1579      18421          0 cprDeLowPStopTargTCFilter
TrigReport         18         18         18          0          0 cprDeLowPStopTargTriggerInfoMerger
TrigReport       1579       1579         73       1506          0 cprHelixDeHSFilter
TrigReport      20000      20000      20000          0          0 cprHelixDePS
TrigReport      20000      20000       1579      18421          0 cprHelixDeTCFilter
TrigReport         73         73         73          0          0 cprHelixDeTriggerInfoMerger
TrigReport       1456       1456         28       1428          0 cprHelixUeHSFilter
TrigReport      20000      20000      20000          0          0 cprHelixUePS
TrigReport      20000      20000       1456      18544          0 cprHelixUeTCFilter
TrigReport          0          0          0          0          0 cstCosmicTrackSeedCTSFilter
TrigReport      20000      20000          0      20000          0 cstCosmicTrackSeedPS
TrigReport          0          0          0          0          0 cstCosmicTrackSeedSDCountFilter
TrigReport          0          0          0          0          0 cstCosmicTrackSeedTCFilter
TrigReport          0          0          0          0          0 cstCosmicTrackSeedTriggerInfoMerger
TrigReport      20000      20000          0      20000          0 cstTimeClusterPS
TrigReport          0          0          0          0          0 cstTimeClusterSDCountFilter
TrigReport          0          0          0          0          0 cstTimeClusterTCFilter
TrigReport          0          0          0          0          0 cstTimeClusterTriggerInfoMerger
TrigReport          0          0          0          0          0 minBiasCDCountFilter
TrigReport      20000      20000          0      20000          0 minBiasCDCountPS
TrigReport          0          0          0          0          0 minBiasSDCountFilter
TrigReport      20000      20000          0      20000          0 minBiasSDCountPS
TrigReport      19813      19813      12188       7625          0 mprDeHighPStopTargHSFilter
TrigReport      12188      12188        268      11920          0 mprDeHighPStopTargKSFilter
TrigReport      20000      20000      20000          0          0 mprDeHighPStopTargPS
TrigReport      20000      20000      19813        187          0 mprDeHighPStopTargTCFilter
TrigReport        268        268        268          0          0 mprDeHighPStopTargTriggerInfoMerger
TrigReport      19813      19813       1089      18724          0 tprDeHighPHSFilter
TrigReport       1089       1089          4       1085          0 tprDeHighPKSFilter
TrigReport      20000      20000      20000          0          0 tprDeHighPPS
TrigReport      19813      19813        695      19118          0 tprDeHighPStopTargHSFilter
TrigReport        695        695          0        695          0 tprDeHighPStopTargKSFilter
TrigReport      20000      20000      20000          0          0 tprDeHighPStopTargPS
TrigReport      20000      20000      19813        187          0 tprDeHighPStopTargTCFilter
TrigReport          0          0          0          0          0 tprDeHighPStopTargTriggerInfoMerger
TrigReport      20000      20000      19813        187          0 tprDeHighPTCFilter
TrigReport          4          4          4          0          0 tprDeHighPTriggerInfoMerger
TrigReport      19904      19904       1729      18175          0 tprDeLowPStopTargHSFilter
TrigReport       1729       1729        166       1563          0 tprDeLowPStopTargKSFilter
TrigReport      20000      20000      20000          0          0 tprDeLowPStopTargPS
TrigReport      20000      20000      19904         96          0 tprDeLowPStopTargTCFilter
TrigReport        166        166        166          0          0 tprDeLowPStopTargTriggerInfoMerger
TrigReport      19813      19813       1413      18400          0 tprHelixDeHSFilter
TrigReport      19813      19813        543      19270          0 tprHelixDeIpaHSFilter
TrigReport      20000      20000      20000          0          0 tprHelixDeIpaPS
TrigReport      19813      19813        139      19674          0 tprHelixDeIpaPhiScaledHSFilter
TrigReport      20000      20000      20000          0          0 tprHelixDeIpaPhiScaledPS
TrigReport      20000      20000      19813        187          0 tprHelixDeIpaPhiScaledTCFilter
TrigReport        139        139        139          0          0 tprHelixDeIpaPhiScaledTriggerInfoMerger
TrigReport      20000      20000      19813        187          0 tprHelixDeIpaTCFilter
TrigReport        543        543        543          0          0 tprHelixDeIpaTriggerInfoMerger
TrigReport      20000      20000      20000          0          0 tprHelixDePS
TrigReport      20000      20000      19813        187          0 tprHelixDeTCFilter
TrigReport       1413       1413       1413          0          0 tprHelixDeTriggerInfoMerger
TrigReport      19786      19786       1884      17902          0 tprHelixUeHSFilter
TrigReport      20000      20000      20000          0          0 tprHelixUePS
TrigReport      20000      20000      19786        214          0 tprHelixUeTCFilter
TrigReport       1884       1884       1884          0          0 tprHelixUeTriggerInfoMerger

TimeReport ---------- Time summary [sec] -------
TimeReport CPU = 347.717561 Real = 636.079751

MemReport  ---------- Memory summary [base-10 MB] ------
MemReport  VmPeak = 1526.53 VmHWM = 582.046

Art has completed and will exit with status 0.
